To honour the JVM settings for this build a single-use Daemon process will be forked. For more on this, please refer to https://docs.gradle.org/8.10/userguide/gradle_daemon.html#sec:disabling_the_daemon in the Gradle documentation.
Daemon will be stopped at the end of the build 

> Configure project :app
? Building with debug info (default)
? Building with debug info (default)

> Configure project :core
? Building with debug info (default)
? Building with debug info (default)

> Configure project :ndv
? Building with debug info (default)
? Building with debug info (default)

> Configure project :ndv-lab
? Building with debug info (default)
? Building with debug info (default)

> Configure project :wd4j
? Building with debug info (default)
? Building with debug info (default)

> Configure project :wd4j-mcp-server
? Building with debug info (default)
? Building with debug info (default)

> Configure project :plugins:excelimport
? Building with debug info (default)
? Building with debug info (default)

> Configure project :plugins:webSearch
? Building with debug info (default)
? Building with debug info (default)

> Task :ndv-lab:compileJava UP-TO-DATE
> Task :ndv-lab:processResources NO-SOURCE
> Task :ndv-lab:classes UP-TO-DATE
> Task :ndv-lab:compileTestJava UP-TO-DATE
> Task :ndv-lab:processTestResources NO-SOURCE
> Task :ndv-lab:testClasses UP-TO-DATE

> Task :ndv-lab:test

PalTransactionsMockPalTest > GetLibs > callsPal() FAILED
    java.lang.IllegalArgumentException at PalTransactionsMockPalTest.java:83

PalTransactionsMockPalTest > DisconnectTests > close0() FAILED
    org.mockito.exceptions.verification.WantedButNotInvoked at PalTransactionsMockPalTest.java:59

PalTransactionsMockPalTest > DisconnectTests > closeCode() FAILED
    org.mockito.exceptions.verification.WantedButNotInvoked at PalTransactionsMockPalTest.java:60

963 tests completed, 3 failed

> Task :ndv-lab:test FAILED

FAILURE: Build failed with an exception.

* What went wrong:
Execution failed for task ':ndv-lab:test'.
> There were failing tests. See the report at: file:///C:/Projects/MainframeMate/ndv-lab/build/reports/tests/test/index.html

* Try:
> Run with --scan to get full insights.

Deprecated Gradle features were used in this build, making it incompatible with Gradle 9.0.

You can use '--warning-mode all' to show the individual deprecation warnings and determine if they come from your own scripts or plugins.

For more on this, please refer to https://docs.gradle.org/8.10/userguide/command_line_interface.html#sec:command_line_warnings in the Gradle documentation.

BUILD FAILED in 16s
3 actionable tasks: 1 executed, 2 up-to-date
